#
# There is insufficient memory for the Java Runtime Environment to continue.
# Native memory allocation (mmap) failed to map 25165824 bytes for Failed to commit area from 0x00000000c8b00000 to 0x00000000ca300000 of length 25165824.
# Possible reasons:
#   The system is out of physical RAM or swap space
#   The process is running with CompressedOops enabled, and the Java Heap may be blocking the growth of the native heap
# Possible solutions:
#   Reduce memory load on the system
#   Increase physical memory or swap space
#   Check if swap backing store is full
#   Decrease Java heap size (-Xmx/-Xms)
#   Decrease number of Java threads
#   Decrease Java thread stack sizes (-Xss)
#   Set larger code cache with -XX:ReservedCodeCacheSize=
#   JVM is running with Unscaled Compressed Oops mode in which the Java heap is
#     placed in the first 4GB address space. The Java Heap base address is the
#     maximum limit for the native heap growth. Please use -XX:HeapBaseMinAddress
#     to set the Java Heap base and to place the Java Heap above 4GB virtual address.
# This output file may be truncated or incomplete.
#
#  Out of Memory Error (t:/workspace/open/src/hotspot/os/windows/os_windows.cpp:3254), pid=17556, tid=12148
#
# JRE version: Java(TM) SE Runtime Environment (12.0+33) (build 12+33)
# Java VM: Java HotSpot(TM) 64-Bit Server VM (12+33, mixed mode, sharing, tiered, compressed oops, g1 gc, windows-amd64)
# No core dump will be written. Minidumps are not enabled by default on client versions of Windows
#

---------------  S U M M A R Y ------------

Command Line: -Dfile.encoding=Cp1252 presentacion.ArkaPOOBGUI

Host: Intel(R) Core(TM) i3-5005U CPU @ 2.00GHz, 4 cores, 3G,  Windows 10 , 64 bit Build 17134 (10.0.17134.706)
Time: Sun Apr 28 18:31:02 2019 Hora est. Pacífico, Sudamérica elapsed time: 1 seconds (0d 0h 0m 1s)

---------------  T H R E A D  ---------------

Current thread (0x00000292dc72e000):  VMThread "VM Thread" [stack: 0x000000ec60500000,0x000000ec60600000] [id=12148]

Stack: [0x000000ec60500000,0x000000ec60600000]
[error occurred during error reporting (printing stack bounds), id 0xc0000005, EXCEPTION_ACCESS_VIOLATION (0xc0000005) at pc=0x00000292e4a60bad]

Native frames: (J=compiled Java code, j=interpreted, Vv=VM code, C=native code)
V  [jvm.dll+0x63948a]
V  [jvm.dll+0x78b31f]
V  [jvm.dll+0x78c9c1]
V  [jvm.dll+0x78cf75]
V  [jvm.dll+0x78cf2b]
V  [jvm.dll+0x638b84]
V  [jvm.dll+0x638f58]
C  [ntdll.dll+0x9f7dd]
C  [ntdll.dll+0xd856]
C  [ntdll.dll+0x9e70e]
C  0x00000292e4a60bad

VM_Operation (0x000000ec5fffe420): G1CollectForAllocation, mode: safepoint, requested by thread 0x00000292dc658800


---------------  P R O C E S S  ---------------

Threads class SMR info:
_java_thread_list=0x00000292f91d31e0, length=13, elements={
0x00000292dc658800, 0x00000292f8431800, 0x00000292f8433000, 0x00000292f844d000,
0x00000292f8452000, 0x00000292f8456800, 0x00000292f845c000, 0x00000292f8487800,
0x00000292f8ecf000, 0x00000292f8ee5000, 0x00000292f9155800, 0x00000292f9150000,
0x00000292f919f000
}

Java Threads: ( => current thread )
  0x00000292dc658800 JavaThread "main" [_thread_blocked, id=8304, stack(0x000000ec5ff00000,0x000000ec60000000)]
  0x00000292f8431800 JavaThread "Reference Handler" daemon [_thread_blocked, id=19940, stack(0x000000ec60600000,0x000000ec60700000)]
  0x00000292f8433000 JavaThread "Finalizer" daemon [_thread_blocked, id=11996, stack(0x000000ec60700000,0x000000ec60800000)]
  0x00000292f844d000 JavaThread "Signal Dispatcher" daemon [_thread_blocked, id=13196, stack(0x000000ec60800000,0x000000ec60900000)]
  0x00000292f8452000 JavaThread "Attach Listener" daemon [_thread_blocked, id=13816, stack(0x000000ec60900000,0x000000ec60a00000)]
  0x00000292f8456800 JavaThread "C2 CompilerThread0" daemon [_thread_blocked, id=18620, stack(0x000000ec60a00000,0x000000ec60b00000)]
  0x00000292f845c000 JavaThread "C1 CompilerThread0" daemon [_thread_blocked, id=10032, stack(0x000000ec60b00000,0x000000ec60c00000)]
  0x00000292f8487800 JavaThread "Sweeper thread" daemon [_thread_blocked, id=12564, stack(0x000000ec60c00000,0x000000ec60d00000)]
  0x00000292f8ecf000 JavaThread "Service Thread" daemon [_thread_blocked, id=6688, stack(0x000000ec60d00000,0x000000ec60e00000)]
  0x00000292f8ee5000 JavaThread "Common-Cleaner" daemon [_thread_blocked, id=14648, stack(0x000000ec60f00000,0x000000ec61000000)]
  0x00000292f9155800 JavaThread "Java2D Disposer" daemon [_thread_blocked, id=21136, stack(0x000000ec61000000,0x000000ec61100000)]
  0x00000292f9150000 JavaThread "AWT-Windows" daemon [_thread_in_native, id=13724, stack(0x000000ec61200000,0x000000ec61300000)]
  0x00000292f919f000 JavaThread "Image Fetcher 0" daemon [_thread_blocked, id=1320, stack(0x000000ec61300000,0x000000ec61400000)]

Other Threads:
=>0x00000292dc72e000 VMThread "VM Thread" [stack: 0x000000ec60500000,0x000000ec60600000] [id=12148]
  0x00000292f8ee3000 WatcherThread [stack: 0x000000ec60e00000,0x000000ec60f00000] [id=19772]
  0x00000292dc686000 GCTaskThread "GC Thread#0" [stack: 0x000000ec60000000,0x000000ec60100000] [id=2444]
  0x00000292f90f4800 GCTaskThread "GC Thread#1" [stack: 0x000000ec61400000,0x000000ec61500000] [id=14456]
  0x00000292f90f5000 GCTaskThread "GC Thread#2" [stack: 0x000000ec61500000,0x000000ec61600000] [id=7112]
  0x00000292f90f6000 GCTaskThread "GC Thread#3" [stack: 0x000000ec61600000,0x000000ec61700000] [id=5112]
  0x00000292dc690000 ConcurrentGCThread "G1 Main Marker" [stack: 0x000000ec60100000,0x000000ec60200000] [id=11304]
  0x00000292dc692800 ConcurrentGCThread "G1 Conc#0" [stack: 0x000000ec60200000,0x000000ec60300000] [id=5692]
  0x00000292dc6ed800 ConcurrentGCThread "G1 Refine#0" [stack: 0x000000ec60300000,0x000000ec60400000] [id=18768]
  0x00000292dc6ee800 ConcurrentGCThread "G1 Young RemSet Sampling" [stack: 0x000000ec60400000,0x000000ec60500000] [id=15904]

Threads with active compile tasks:

VM state:at safepoint (normal execution)

VM Mutex/Monitor currently owned by a thread:  ([mutex/lock_event])
[0x00000292dc653210] Threads_lock - owner thread: 0x00000292dc72e000
[0x00000292dc6538d0] Heap_lock - owner thread: 0x00000292dc658800

Heap address: 0x00000000c1400000, size: 1004 MB, Compressed Oops mode: 32-bit
Narrow klass base: 0x0000000800000000, Narrow klass shift: 3
Compressed class space size: 1073741824 Address: 0x00000008011a0000

Heap:
 garbage-first heap   total 146432K, used 71406K [0x00000000c1400000, 0x0000000100000000)
  region size 1024K, 2 young (2048K), 2 survivors (2048K)
 Metaspace       used 5250K, capacity 5513K, committed 5632K, reserved 1056768K
  class space    used 593K, capacity 712K, committed 768K, reserved 1048576K
Heap Regions: E=young(eden), S=young(survivor), O=old, HS=humongous(starts), HC=humongous(continues), CS=collection set, F=free, A=archive, TAMS=top-at-mark-start (previous, next)
|   0|0x00000000c1400000, 0x00000000c1500000, 0x00000000c1500000|100%|HS|  |TAMS 0x00000000c1500000, 0x00000000c1400000| Complete 
|   1|0x00000000c1500000, 0x00000000c1600000, 0x00000000c1600000|100%|HC|  |TAMS 0x00000000c1600000, 0x00000000c1500000| Complete 
|   2|0x00000000c1600000, 0x00000000c1700000, 0x00000000c1700000|100%|HC|  |TAMS 0x00000000c1700000, 0x00000000c1600000| Complete 
|   3|0x00000000c1700000, 0x00000000c1800000, 0x00000000c1800000|100%|HC|  |TAMS 0x00000000c1800000, 0x00000000c1700000| Complete 
|   4|0x00000000c1800000, 0x00000000c1900000, 0x00000000c1900000|100%|HC|  |TAMS 0x00000000c1900000, 0x00000000c1800000| Complete 
|   5|0x00000000c1900000, 0x00000000c1a00000, 0x00000000c1a00000|100%|HC|  |TAMS 0x00000000c1a00000, 0x00000000c1900000| Complete 
|   6|0x00000000c1a00000, 0x00000000c1b00000, 0x00000000c1b00000|100%|HC|  |TAMS 0x00000000c1b00000, 0x00000000c1a00000| Complete 
|   7|0x00000000c1b00000, 0x00000000c1c00000, 0x00000000c1c00000|100%|HC|  |TAMS 0x00000000c1c00000, 0x00000000c1b00000| Complete 
|   8|0x00000000c1c00000, 0x00000000c1d00000, 0x00000000c1d00000|100%|HC|  |TAMS 0x00000000c1d00000, 0x00000000c1c00000| Complete 
|   9|0x00000000c1d00000, 0x00000000c1e00000, 0x00000000c1e00000|100%|HC|  |TAMS 0x00000000c1e00000, 0x00000000c1d00000| Complete 
|  10|0x00000000c1e00000, 0x00000000c1f00000, 0x00000000c1f00000|100%|HC|  |TAMS 0x00000000c1f00000, 0x00000000c1e00000| Complete 
|  11|0x00000000c1f00000, 0x00000000c2000000, 0x00000000c2000000|100%|HC|  |TAMS 0x00000000c2000000, 0x00000000c1f00000| Complete 
|  12|0x00000000c2000000, 0x00000000c2100000, 0x00000000c2100000|100%|HC|  |TAMS 0x00000000c2100000, 0x00000000c2000000| Complete 
|  13|0x00000000c2100000, 0x00000000c2200000, 0x00000000c2200000|100%|HC|  |TAMS 0x00000000c2200000, 0x00000000c2100000| Complete 
|  14|0x00000000c2200000, 0x00000000c2300000, 0x00000000c2300000|100%|HC|  |TAMS 0x00000000c2300000, 0x00000000c2200000| Complete 
|  15|0x00000000c2300000, 0x00000000c2400000, 0x00000000c2400000|100%|HC|  |TAMS 0x00000000c2400000, 0x00000000c2300000| Complete 
|  16|0x00000000c2400000, 0x00000000c2500000, 0x00000000c2500000|100%|HC|  |TAMS 0x00000000c2500000, 0x00000000c2400000| Complete 
|  17|0x00000000c2500000, 0x00000000c2600000, 0x00000000c2600000|100%|HC|  |TAMS 0x00000000c2600000, 0x00000000c2500000| Complete 
|  18|0x00000000c2600000, 0x00000000c2700000, 0x00000000c2700000|100%|HC|  |TAMS 0x00000000c2700000, 0x00000000c2600000| Complete 
|  19|0x00000000c2700000, 0x00000000c2800000, 0x00000000c2800000|100%|HC|  |TAMS 0x00000000c2800000, 0x00000000c2700000| Complete 
|  20|0x00000000c2800000, 0x00000000c2900000, 0x00000000c2900000|100%|HS|  |TAMS 0x00000000c2900000, 0x00000000c2800000| Complete 
|  21|0x00000000c2900000, 0x00000000c2a00000, 0x00000000c2a00000|100%|HC|  |TAMS 0x00000000c2a00000, 0x00000000c2900000| Complete 
|  22|0x00000000c2a00000, 0x00000000c2b00000, 0x00000000c2b00000|100%|HC|  |TAMS 0x00000000c2b00000, 0x00000000c2a00000| Complete 
|  23|0x00000000c2b00000, 0x00000000c2c00000, 0x00000000c2c00000|100%|HC|  |TAMS 0x00000000c2c00000, 0x00000000c2b00000| Complete 
|  24|0x00000000c2c00000, 0x00000000c2d00000, 0x00000000c2d00000|100%|HC|  |TAMS 0x00000000c2d00000, 0x00000000c2c00000| Complete 
|  25|0x00000000c2d00000, 0x00000000c2e00000, 0x00000000c2e00000|100%|HC|  |TAMS 0x00000000c2e00000, 0x00000000c2d00000| Complete 
|  26|0x00000000c2e00000, 0x00000000c2f00000, 0x00000000c2f00000|100%|HC|  |TAMS 0x00000000c2f00000, 0x00000000c2e00000| Complete 
|  27|0x00000000c2f00000, 0x00000000c3000000, 0x00000000c3000000|100%|HC|  |TAMS 0x00000000c3000000, 0x00000000c2f00000| Complete 
|  28|0x00000000c3000000, 0x00000000c3100000, 0x00000000c3100000|100%|HC|  |TAMS 0x00000000c3100000, 0x00000000c3000000| Complete 
|  29|0x00000000c3100000, 0x00000000c3200000, 0x00000000c3200000|100%|HC|  |TAMS 0x00000000c3200000, 0x00000000c3100000| Complete 
|  30|0x00000000c3200000, 0x00000000c3300000, 0x00000000c3300000|100%|HC|  |TAMS 0x00000000c3300000, 0x00000000c3200000| Complete 
|  31|0x00000000c3300000, 0x00000000c3400000, 0x00000000c3400000|100%|HC|  |TAMS 0x00000000c3400000, 0x00000000c3300000| Complete 
|  32|0x00000000c3400000, 0x00000000c3500000, 0x00000000c3500000|100%|HC|  |TAMS 0x00000000c3500000, 0x00000000c3400000| Complete 
|  33|0x00000000c3500000, 0x00000000c3600000, 0x00000000c3600000|100%|HC|  |TAMS 0x00000000c3600000, 0x00000000c3500000| Complete 
|  34|0x00000000c3600000, 0x00000000c3700000, 0x00000000c3700000|100%|HC|  |TAMS 0x00000000c3700000, 0x00000000c3600000| Complete 
|  35|0x00000000c3700000, 0x00000000c3800000, 0x00000000c3800000|100%|HC|  |TAMS 0x00000000c3800000, 0x00000000c3700000| Complete 
|  36|0x00000000c3800000, 0x00000000c3900000, 0x00000000c3900000|100%|HC|  |TAMS 0x00000000c3900000, 0x00000000c3800000| Complete 
|  37|0x00000000c3900000, 0x00000000c3a00000, 0x00000000c3a00000|100%|HC|  |TAMS 0x00000000c3a00000, 0x00000000c3900000| Complete 
|  38|0x00000000c3a00000, 0x00000000c3b00000, 0x00000000c3b00000|100%|HC|  |TAMS 0x00000000c3b00000, 0x00000000c3a00000| Complete 
|  39|0x00000000c3b00000, 0x00000000c3c00000, 0x00000000c3c00000|100%|HC|  |TAMS 0x00000000c3c00000, 0x00000000c3b00000| Complete 
|  40|0x00000000c3c00000, 0x00000000c3d00000, 0x00000000c3d00000|100%|HC|  |TAMS 0x00000000c3d00000, 0x00000000c3c00000| Complete 
|  41|0x00000000c3d00000, 0x00000000c3e00000, 0x00000000c3e00000|100%|HC|  |TAMS 0x00000000c3e00000, 0x00000000c3d00000| Complete 
|  42|0x00000000c3e00000, 0x00000000c3f00000, 0x00000000c3f00000|100%|HC|  |TAMS 0x00000000c3f00000, 0x00000000c3e00000| Complete 
|  43|0x00000000c3f00000, 0x00000000c4000000, 0x00000000c4000000|100%|HC|  |TAMS 0x00000000c4000000, 0x00000000c3f00000| Complete 
|  44|0x00000000c4000000, 0x00000000c4100000, 0x00000000c4100000|100%|HS|  |TAMS 0x00000000c4000000, 0x00000000c4000000| Complete 
|  45|0x00000000c4100000, 0x00000000c4200000, 0x00000000c4200000|100%|HC|  |TAMS 0x00000000c4100000, 0x00000000c4100000| Complete 
|  46|0x00000000c4200000, 0x00000000c4300000, 0x00000000c4300000|100%|HC|  |TAMS 0x00000000c4200000, 0x00000000c4200000| Complete 
|  47|0x00000000c4300000, 0x00000000c4400000, 0x00000000c4400000|100%|HC|  |TAMS 0x00000000c4300000, 0x00000000c4300000| Complete 
|  48|0x00000000c4400000, 0x00000000c4500000, 0x00000000c4500000|100%|HC|  |TAMS 0x00000000c4400000, 0x00000000c4400000| Complete 
|  49|0x00000000c4500000, 0x00000000c4600000, 0x00000000c4600000|100%|HC|  |TAMS 0x00000000c4500000, 0x00000000c4500000| Complete 
|  50|0x00000000c4600000, 0x00000000c4700000, 0x00000000c4700000|100%|HC|  |TAMS 0x00000000c4600000, 0x00000000c4600000| Complete 
|  51|0x00000000c4700000, 0x00000000c4800000, 0x00000000c4800000|100%|HC|  |TAMS 0x00000000c4700000, 0x00000000c4700000| Complete 
|  52|0x00000000c4800000, 0x00000000c4900000, 0x00000000c4900000|100%|HC|  |TAMS 0x00000000c4800000, 0x00000000c4800000| Complete 
|  53|0x00000000c4900000, 0x00000000c4a00000, 0x00000000c4a00000|100%|HC|  |TAMS 0x00000000c4900000, 0x00000000c4900000| Complete 
|  54|0x00000000c4a00000, 0x00000000c4b00000, 0x00000000c4b00000|100%|HC|  |TAMS 0x00000000c4a00000, 0x00000000c4a00000| Complete 
|  55|0x00000000c4b00000, 0x00000000c4c00000, 0x00000000c4c00000|100%|HC|  |TAMS 0x00000000c4b00000, 0x00000000c4b00000| Complete 
|  56|0x00000000c4c00000, 0x00000000c4d00000, 0x00000000c4d00000|100%|HC|  |TAMS 0x00000000c4c00000, 0x00000000c4c00000| Complete 
|  57|0x00000000c4d00000, 0x00000000c4e00000, 0x00000000c4e00000|100%|HC|  |TAMS 0x00000000c4d00000, 0x00000000c4d00000| Complete 
|  58|0x00000000c4e00000, 0x00000000c4f00000, 0x00000000c4f00000|100%|HC|  |TAMS 0x00000000c4e00000, 0x00000000c4e00000| Complete 
|  59|0x00000000c4f00000, 0x00000000c5000000, 0x00000000c5000000|100%|HC|  |TAMS 0x00000000c4f00000, 0x00000000c4f00000| Complete 
|  60|0x00000000c5000000, 0x00000000c5100000, 0x00000000c5100000|100%|HC|  |TAMS 0x00000000c5000000, 0x00000000c5000000| Complete 
|  61|0x00000000c5100000, 0x00000000c5200000, 0x00000000c5200000|100%|HC|  |TAMS 0x00000000c5100000, 0x00000000c5100000| Complete 
|  62|0x00000000c5200000, 0x00000000c5300000, 0x00000000c5300000|100%|HC|  |TAMS 0x00000000c5200000, 0x00000000c5200000| Complete 
|  63|0x00000000c5300000, 0x00000000c5400000, 0x00000000c5400000|100%|HC|  |TAMS 0x00000000c5300000, 0x00000000c5300000| Complete 
|  64|0x00000000c5400000, 0x00000000c5500000, 0x00000000c5500000|100%|HC|  |TAMS 0x00000000c5400000, 0x00000000c5400000| Complete 
|  65|0x00000000c5500000, 0x00000000c5600000, 0x00000000c5600000|100%|HC|  |TAMS 0x00000000c5500000, 0x00000000c5500000| Complete 
|  66|0x00000000c5600000, 0x00000000c5700000, 0x00000000c5700000|100%|HC|  |TAMS 0x00000000c5600000, 0x00000000c5600000| Complete 
|  67|0x00000000c5700000, 0x00000000c5800000, 0x00000000c5800000|100%|HC|  |TAMS 0x00000000c5700000, 0x00000000c5700000| Complete 
|  68|0x00000000c5800000, 0x00000000c5800000, 0x00000000c5900000|  0%| F|  |TAMS 0x00000000c5800000, 0x00000000c5800000| Untracked 
|  69|0x00000000c5900000, 0x00000000c5900000, 0x00000000c5a00000|  0%| F|  |TAMS 0x00000000c5900000, 0x00000000c5900000| Untracked 
|  70|0x00000000c5a00000, 0x00000000c5a00000, 0x00000000c5b00000|  0%| F|  |TAMS 0x00000000c5a00000, 0x00000000c5a00000| Untracked 
|  71|0x00000000c5b00000, 0x00000000c5b00000, 0x00000000c5c00000|  0%| F|  |TAMS 0x00000000c5b00000, 0x00000000c5b00000| Untracked 
|  72|0x00000000c5c00000, 0x00000000c5c00000, 0x00000000c5d00000|  0%| F|  |TAMS 0x00000000c5c00000, 0x00000000c5c00000| Untracked 
|  73|0x00000000c5d00000, 0x00000000c5d00000, 0x00000000c5e00000|  0%| F|  |TAMS 0x00000000c5d00000, 0x00000000c5d00000| Untracked 
|  74|0x00000000c5e00000, 0x00000000c5e00000, 0x00000000c5f00000|  0%| F|  |TAMS 0x00000000c5e00000, 0x00000000c5e00000| Untracked 
|  75|0x00000000c5f00000, 0x00000000c5f00000, 0x00000000c6000000|  0%| F|  |TAMS 0x00000000c5f00000, 0x00000000c5f00000| Untracked 
|  76|0x00000000c6000000, 0x00000000c6000000, 0x00000000c6100000|  0%| F|  |TAMS 0x00000000c6000000, 0x00000000c6000000| Untracked 
|  77|0x00000000c6100000, 0x00000000c6100000, 0x00000000c6200000|  0%| F|  |TAMS 0x00000000c6100000, 0x00000000c6100000| Untracked 
|  78|0x00000000c6200000, 0x00000000c6200000, 0x00000000c6300000|  0%| F|  |TAMS 0x00000000c6200000, 0x00000000c6200000| Untracked 
|  79|0x00000000c6300000, 0x00000000c6300000, 0x00000000c6400000|  0%| F|  |TAMS 0x00000000c6300000, 0x00000000c6300000| Untracked 
|  80|0x00000000c6400000, 0x00000000c6400000, 0x00000000c6500000|  0%| F|  |TAMS 0x00000000c6400000, 0x00000000c6400000| Untracked 
|  81|0x00000000c6500000, 0x00000000c6500000, 0x00000000c6600000|  0%| F|  |TAMS 0x00000000c6500000, 0x00000000c6500000| Untracked 
|  82|0x00000000c6600000, 0x00000000c6600000, 0x00000000c6700000|  0%| F|  |TAMS 0x00000000c6600000, 0x00000000c6600000| Untracked 
|  83|0x00000000c6700000, 0x00000000c6700000, 0x00000000c6800000|  0%| F|  |TAMS 0x00000000c6700000, 0x00000000c6700000| Untracked 
|  84|0x00000000c6800000, 0x00000000c6800000, 0x00000000c6900000|  0%| F|  |TAMS 0x00000000c6800000, 0x00000000c6800000| Untracked 
|  85|0x00000000c6900000, 0x00000000c6900000, 0x00000000c6a00000|  0%| F|  |TAMS 0x00000000c6900000, 0x00000000c6900000| Untracked 
|  86|0x00000000c6a00000, 0x00000000c6a00000, 0x00000000c6b00000|  0%| F|  |TAMS 0x00000000c6a00000, 0x00000000c6a00000| Untracked 
|  87|0x00000000c6b00000, 0x00000000c6b00000, 0x00000000c6c00000|  0%| F|  |TAMS 0x00000000c6b00000, 0x00000000c6b00000| Untracked 
|  88|0x00000000c6c00000, 0x00000000c6c00000, 0x00000000c6d00000|  0%| F|  |TAMS 0x00000000c6c00000, 0x00000000c6c00000| Untracked 
|  89|0x00000000c6d00000, 0x00000000c6d00000, 0x00000000c6e00000|  0%| F|  |TAMS 0x00000000c6d00000, 0x00000000c6d00000| Untracked 
|  90|0x00000000c6e00000, 0x00000000c6e00000, 0x00000000c6f00000|  0%| F|  |TAMS 0x00000000c6e00000, 0x00000000c6e00000| Untracked 
|  91|0x00000000c6f00000, 0x00000000c6f00000, 0x00000000c7000000|  0%| F|  |TAMS 0x00000000c6f00000, 0x00000000c6f00000| Untracked 
|  92|0x00000000c7000000, 0x00000000c70bbaa8, 0x00000000c7100000| 73%| S|CS|TAMS 0x00000000c7000000, 0x00000000c7000000| Complete 
|  93|0x00000000c7100000, 0x00000000c7200000, 0x00000000c7200000|100%| S|CS|TAMS 0x00000000c7100000, 0x00000000c7100000| Complete 
|  94|0x00000000c7200000, 0x00000000c7200000, 0x00000000c7300000|  0%| F|  |TAMS 0x00000000c7200000, 0x00000000c7200000| Untracked 
|  95|0x00000000c7300000, 0x00000000c7300000, 0x00000000c7400000|  0%| F|  |TAMS 0x00000000c7300000, 0x00000000c7300000| Untracked 
|  96|0x00000000c7400000, 0x00000000c7400000, 0x00000000c7500000|  0%| F|  |TAMS 0x00000000c7400000, 0x00000000c7400000| Untracked 
|  97|0x00000000c7500000, 0x00000000c7500000, 0x00000000c7600000|  0%| F|  |TAMS 0x00000000c7500000, 0x00000000c7500000| Untracked 
|  98|0x00000000c7600000, 0x00000000c7600000, 0x00000000c7700000|  0%| F|  |TAMS 0x00000000c7600000, 0x00000000c7600000| Untracked 
|  99|0x00000000c7700000, 0x00000000c7700000, 0x00000000c7800000|  0%| F|  |TAMS 0x00000000c7700000, 0x00000000c7700000| Untracked 
| 100|0x00000000c7800000, 0x00000000c7800000, 0x00000000c7900000|  0%| F|  |TAMS 0x00000000c7800000, 0x00000000c7800000| Untracked 
| 101|0x00000000c7900000, 0x00000000c7900000, 0x00000000c7a00000|  0%| F|  |TAMS 0x00000000c7900000, 0x00000000c7900000| Untracked 
| 102|0x00000000c7a00000, 0x00000000c7a00000, 0x00000000c7b00000|  0%| F|  |TAMS 0x00000000c7a00000, 0x00000000c7a00000| Untracked 
| 103|0x00000000c7b00000, 0x00000000c7b00000, 0x00000000c7c00000|  0%| F|  |TAMS 0x00000000c7b00000, 0x00000000c7b00000| Untracked 
| 104|0x00000000c7c00000, 0x00000000c7c00000, 0x00000000c7d00000|  0%| F|  |TAMS 0x00000000c7c00000, 0x00000000c7c00000| Untracked 
| 105|0x00000000c7d00000, 0x00000000c7d00000, 0x00000000c7e00000|  0%| F|  |TAMS 0x00000000c7d00000, 0x00000000c7d00000| Untracked 
| 106|0x00000000c7e00000, 0x00000000c7e00000, 0x00000000c7f00000|  0%| F|  |TAMS 0x00000000c7e00000, 0x00000000c7e00000| Untracked 
| 107|0x00000000c7f00000, 0x00000000c7f00000, 0x00000000c8000000|  0%| F|  |TAMS 0x00000000c7f00000, 0x00000000c7f00000| Untracked 
| 108|0x00000000c8000000, 0x00000000c8000000, 0x00000000c8100000|  0%| F|  |TAMS 0x00000000c8000000, 0x00000000c8000000| Untracked 
| 109|0x00000000c8100000, 0x00000000c8100000, 0x00000000c8200000|  0%| F|  |TAMS 0x00000000c8100000, 0x00000000c8100000| Untracked 
| 110|0x00000000c8200000, 0x00000000c8200000, 0x00000000c8300000|  0%| F|  |TAMS 0x00000000c8200000, 0x00000000c8200000| Untracked 
| 111|0x00000000c8300000, 0x00000000c8300000, 0x00000000c8400000|  0%| F|  |TAMS 0x00000000c8300000, 0x00000000c8300000| Untracked 
| 112|0x00000000c8400000, 0x00000000c8400000, 0x00000000c8500000|  0%| F|  |TAMS 0x00000000c8400000, 0x00000000c8400000| Untracked 
| 113|0x00000000c8500000, 0x00000000c8500000, 0x00000000c8600000|  0%| F|  |TAMS 0x00000000c8500000, 0x00000000c8500000| Untracked 
| 114|0x00000000c8600000, 0x00000000c8600000, 0x00000000c8700000|  0%| F|  |TAMS 0x00000000c8600000, 0x00000000c8600000| Untracked 
| 115|0x00000000c8700000, 0x00000000c8700000, 0x00000000c8800000|  0%| F|  |TAMS 0x00000000c8700000, 0x00000000c8700000| Untracked 
| 116|0x00000000c8800000, 0x00000000c8800000, 0x00000000c8900000|  0%| F|  |TAMS 0x00000000c8800000, 0x00000000c8800000| Untracked 
| 117|0x00000000c8900000, 0x00000000c8900000, 0x00000000c8a00000|  0%| F|  |TAMS 0x00000000c8900000, 0x00000000c8900000| Untracked 
| 118|0x00000000c8a00000, 0x00000000c8a00000, 0x00000000c8b00000|  0%| F|  |TAMS 0x00000000c8a00000, 0x00000000c8a00000| Untracked 

Card table byte_map: [0x00000292f3c60000,0x00000292f3e60000] _byte_map_base: 0x00000292f3656000

Marking Bits (Prev, Next): (CMBitMap*) 0x00000292dc686d98, (CMBitMap*) 0x00000292dc686d58
 Prev Bits: [0x00000292f5010000, 0x00000292f5fc0000)
 Next Bits: [0x00000292f4060000, 0x00000292f5010000)

Polling page: 0x00000292da4c0000

Metaspace:

Usage:
  Non-class:      4.69 MB capacity,     4.55 MB ( 97%) used,   124.21 KB (  3%) free+waste,    19.00 KB ( <1%) overhead. 
      Class:    712.00 KB capacity,   593.00 KB ( 83%) used,   106.31 KB ( 15%) free+waste,    12.69 KB (  2%) overhead. 
       Both:      5.38 MB capacity,     5.13 MB ( 95%) used,   230.52 KB (  4%) free+waste,    31.69 KB ( <1%) overhead. 

Virtual space:
  Non-class space:        8.00 MB reserved,       4.75 MB ( 59%) committed 
      Class space:        1.00 GB reserved,     768.00 KB ( <1%) committed 
             Both:        1.01 GB reserved,       5.50 MB ( <1%) committed 

Chunk freelists:
   Non-Class:  7.88 KB
       Class:  3.00 KB
        Both:  10.88 KB

CodeHeap 'non-profiled nmethods': size=120064Kb used=167Kb max_used=167Kb free=119896Kb
 bounds [0x00000292ec520000, 0x00000292ec790000, 0x00000292f3a60000]
CodeHeap 'profiled nmethods': size=120000Kb used=996Kb max_used=996Kb free=119003Kb
 bounds [0x00000292e4ff0000, 0x00000292e5260000, 0x00000292ec520000]
CodeHeap 'non-nmethods': size=5696Kb used=1155Kb max_used=1168Kb free=4540Kb
 bounds [0x00000292e4a60000, 0x00000292e4cd0000, 0x00000292e4ff0000]
 total_blobs=1172 nmethods=591 adapters=392
 compilation: enabled
              stopped_count=0, restarted_count=0
 full_count=0

Compilation events (10 events):
Event: 0.843 Thread 0x00000292f845c000  586       3       java.lang.ref.ReferenceQueue::reallyPoll (65 bytes)
Event: 0.844 Thread 0x00000292f845c000 nmethod 586 0x00000292e50e8810 code [0x00000292e50e8a00, 0x00000292e50e8f98]
Event: 1.057 Thread 0x00000292f8456800  588   !   4       com.sun.imageio.plugins.jpeg.JPEGImageReader::acceptPixels (432 bytes)
Event: 1.075 Thread 0x00000292f8456800 nmethod 588 0x00000292ec547910 code [0x00000292ec547b80, 0x00000292ec548520]
Event: 1.075 Thread 0x00000292f8456800  589       4       javax.imageio.ImageReader::processImageUpdate (73 bytes)
Event: 1.076 Thread 0x00000292f8456800 nmethod 589 0x00000292ec548c90 code [0x00000292ec548e20, 0x00000292ec548ed8]
Event: 1.129 Thread 0x00000292f8456800  590       4       sun.awt.image.ByteInterleavedRaster::getByteData (851 bytes)
Event: 1.133 Thread 0x00000292f8456800 nmethod 590 0x00000292ec548f90 code [0x00000292ec549140, 0x00000292ec5495f8]
Event: 1.700 Thread 0x00000292f845c000  591  s    1       java.util.Vector::size (5 bytes)
Event: 1.700 Thread 0x00000292f845c000 nmethod 591 0x00000292ec549990 code [0x00000292ec549b40, 0x00000292ec549e18]

GC Heap History (10 events):
Event: 1.225 GC heap after
{Heap after GC invocations=7 (full 0):
 garbage-first heap   total 80896K, used 46729K [0x00000000c1400000, 0x0000000100000000)
  region size 1024K, 2 young (2048K), 2 survivors (2048K)
 Metaspace       used 5246K, capacity 5513K, committed 5632K, reserved 1056768K
  class space    used 591K, capacity 712K, committed 768K, reserved 1048576K
}
Event: 1.344 GC heap before
{Heap before GC invocations=7 (full 0):
 garbage-first heap   total 80896K, used 68233K [0x00000000c1400000, 0x0000000100000000)
  region size 1024K, 23 young (23552K), 2 survivors (2048K)
 Metaspace       used 5246K, capacity 5513K, committed 5632K, reserved 1056768K
  class space    used 591K, capacity 712K, committed 768K, reserved 1048576K
}
Event: 1.349 GC heap after
{Heap after GC invocations=8 (full 0):
 garbage-first heap   total 97280K, used 46667K [0x00000000c1400000, 0x0000000100000000)
  region size 1024K, 2 young (2048K), 2 survivors (2048K)
 Metaspace       used 5246K, capacity 5513K, committed 5632K, reserved 1056768K
  class space    used 591K, capacity 712K, committed 768K, reserved 1048576K
}
Event: 1.519 GC heap before
{Heap before GC invocations=9 (full 0):
 garbage-first heap   total 97280K, used 74315K [0x00000000c1400000, 0x0000000100000000)
  region size 1024K, 29 young (29696K), 2 survivors (2048K)
 Metaspace       used 5250K, capacity 5513K, committed 5632K, reserved 1056768K
  class space    used 593K, capacity 712K, committed 768K, reserved 1048576K
}
Event: 1.522 GC heap after
{Heap after GC invocations=10 (full 0):
 garbage-first heap   total 97280K, used 46817K [0x00000000c1400000, 0x0000000100000000)
  region size 1024K, 2 young (2048K), 2 survivors (2048K)
 Metaspace       used 5250K, capacity 5513K, committed 5632K, reserved 1056768K
  class space    used 593K, capacity 712K, committed 768K, reserved 1048576K
}
Event: 1.669 GC heap before
{Heap before GC invocations=10 (full 0):
 garbage-first heap   total 97280K, used 75489K [0x00000000c1400000, 0x0000000100000000)
  region size 1024K, 30 young (30720K), 2 survivors (2048K)
 Metaspace       used 5250K, capacity 5513K, committed 5632K, reserved 1056768K
  class space    used 593K, capacity 712K, committed 768K, reserved 1048576K
}
Event: 1.672 GC heap after
{Heap after GC invocations=11 (full 0):
 garbage-first heap   total 97280K, used 46802K [0x00000000c1400000, 0x0000000100000000)
  region size 1024K, 2 young (2048K), 2 survivors (2048K)
 Metaspace       used 5250K, capacity 5513K, committed 5632K, reserved 1056768K
  class space    used 593K, capacity 712K, committed 768K, reserved 1048576K
}
Event: 1.701 GC heap before
{Heap before GC invocations=12 (full 0):
 garbage-first heap   total 97280K, used 49874K [0x00000000c1400000, 0x0000000100000000)
  region size 1024K, 6 young (6144K), 2 survivors (2048K)
 Metaspace       used 5250K, capacity 5513K, committed 5632K, reserved 1056768K
  class space    used 593K, capacity 712K, committed 768K, reserved 1048576K
}
Event: 1.704 GC heap after
{Heap after GC invocations=13 (full 0):
 garbage-first heap   total 97280K, used 46682K [0x00000000c1400000, 0x0000000100000000)
  region size 1024K, 2 young (2048K), 2 survivors (2048K)
 Metaspace       used 5250K, capacity 5513K, committed 5632K, reserved 1056768K
  class space    used 593K, capacity 712K, committed 768K, reserved 1048576K
}
Event: 1.884 GC heap before
{Heap before GC invocations=14 (full 0):
 garbage-first heap   total 121856K, used 95834K [0x00000000c1400000, 0x0000000100000000)
  region size 1024K, 27 young (27648K), 2 survivors (2048K)
 Metaspace       used 5250K, capacity 5513K, committed 5632K, reserved 1056768K
  class space    used 593K, capacity 712K, committed 768K, reserved 1048576K
}

Deoptimization events (2 events):
Event: 0.165 Thread 0x00000292dc658800 Uncommon trap: reason=unstable_if action=reinterpret pc=0x00000292ec524ba4 method=java.lang.String.hashCode()I @ 14 c2
Event: 0.257 Thread 0x00000292dc658800 Uncommon trap: reason=range_check action=reinterpret pc=0x00000292ec532018 method=java.lang.StringLatin1.indexOf([BII)I @ 13 c2

Classes redefined (0 events):
No events

Internal exceptions (10 events):
Event: 0.165 Thread 0x00000292dc658800 Exception <a 'java/lang/ClassNotFoundException'{0x00000000c521dbf0}: sun/awt/resources/spi/awtProvider> (0x00000000c521dbf0) thrown at [t:/workspace/open/src/hotspot/share/classfile/systemDictionary.cpp, line 235]
Event: 0.219 Thread 0x00000292dc658800 Exception <a 'java/io/FileNotFoundException'{0x00000000c5270ab0}> (0x00000000c5270ab0) thrown at [t:/workspace/open/src/hotspot/share/prims/jni.cpp, line 615]
Event: 0.254 Thread 0x00000292dc658800 Exception <a 'java/io/FileNotFoundException'{0x00000000c52de068}> (0x00000000c52de068) thrown at [t:/workspace/open/src/hotspot/share/prims/jni.cpp, line 615]
Event: 0.391 Thread 0x00000292f9150000 Exception <a 'java/lang/NoSuchMethodError'{0x00000000c5194c30}: java.lang.invoke.DirectMethodHandle$Holder.invokeSpecial(Ljava/lang/Object;Ljava/lang/Object;)V> (0x00000000c5194c30) thrown at [t:/workspace/open/src/hotspot/share/interpreter/linkResolver.c
Event: 0.397 Thread 0x00000292dc658800 Exception <a 'java/lang/NoSuchMethodError'{0x00000000c5171150}: java.lang.invoke.DirectMethodHandle$Holder.invokeStatic(Ljava/lang/Object;Ljava/lang/Object;Ljava/lang/Object;Ljava/lang/Object;Ljava/lang/Object;Ljava/lang/Object;Ljava/lang/Object;J)Ljava/l
Event: 0.460 Thread 0x00000292dc658800 Exception <a 'java/lang/NoSuchMethodError'{0x00000000c50669c8}: java.lang.invoke.DirectMethodHandle$Holder.invokeStatic(Ljava/lang/Object;ILjava/lang/Object;Ljava/lang/Object;Ljava/lang/Object;Ljava/lang/Object;)Ljava/lang/Object;> (0x00000000c50669c8) th
Event: 0.461 Thread 0x00000292dc658800 Exception <a 'java/lang/NoSuchMethodError'{0x00000000c506d5e8}: java.lang.invoke.DirectMethodHandle$Holder.invokeStatic(Ljava/lang/Object;ILjava/lang/Object;Ljava/lang/Object;Ljava/lang/Object;)Ljava/lang/Object;> (0x00000000c506d5e8) thrown at [t:/worksp
Event: 0.462 Thread 0x00000292dc658800 Exception <a 'java/lang/NoSuchMethodError'{0x00000000c5070e40}: java.lang.invoke.DirectMethodHandle$Holder.invokeSpecial(Ljava/lang/Object;Ljava/lang/Object;ILjava/lang/Object;Ljava/lang/Object;Ljava/lang/Object;)Ljava/lang/Object;> (0x00000000c5070e40) t
Event: 0.498 Thread 0x00000292dc658800 Exception <a 'java/lang/ClassNotFoundException'{0x00000000c4f303e0}: com/sun/swing/internal/plaf/metal/resources/spi/metalProvider> (0x00000000c4f303e0) thrown at [t:/workspace/open/src/hotspot/share/classfile/systemDictionary.cpp, line 235]
Event: 0.499 Thread 0x00000292dc658800 Exception <a 'java/lang/ClassNotFoundException'{0x00000000c4f34810}: com/sun/swing/internal/plaf/basic/resources/spi/basicProvider> (0x00000000c4f34810) thrown at [t:/workspace/open/src/hotspot/share/classfile/systemDictionary.cpp, line 235]

Events (10 events):
Event: 1.704 Executing VM operation: G1CollectForAllocation done
Event: 1.704 Executing VM operation: RevokeBias
Event: 1.710 Executing VM operation: RevokeBias done
Event: 1.710 Executing VM operation: RevokeBias
Event: 1.711 Executing VM operation: RevokeBias done
Event: 1.711 Executing VM operation: G1Concurrent
Event: 1.712 Executing VM operation: G1Concurrent done
Event: 1.713 Executing VM operation: G1Concurrent
Event: 1.713 Executing VM operation: G1Concurrent done
Event: 1.884 Executing VM operation: G1CollectForAllocation


Dynamic libraries:
0x00007ff75b0d0000 - 0x00007ff75b0df000 	C:\Program Files\Java\jdk-12\bin\javaw.exe
0x00007ffb4e750000 - 0x00007ffb4e931000 	C:\WINDOWS\SYSTEM32\ntdll.dll
0x00007ffb4bd70000 - 0x00007ffb4be21000 	C:\WINDOWS\System32\KERNEL32.DLL
0x00007ffb4ad40000 - 0x00007ffb4afb3000 	C:\WINDOWS\System32\KERNELBASE.dll
0x00007ffb4b010000 - 0x00007ffb4b108000 	C:\WINDOWS\System32\ucrtbase.dll
0x00007ffb300b0000 - 0x00007ffb300c8000 	C:\Program Files\Java\jdk-12\bin\jli.dll
0x00007ffb307e0000 - 0x00007ffb307f6000 	C:\Program Files\Java\jdk-12\bin\VCRUNTIME140.dll
0x00007ffb4e070000 - 0x00007ffb4e111000 	C:\WINDOWS\System32\ADVAPI32.dll
0x00007ffb4bbe0000 - 0x00007ffb4bc7e000 	C:\WINDOWS\System32\msvcrt.dll
0x00007ffb4e1f0000 - 0x00007ffb4e24b000 	C:\WINDOWS\System32\sechost.dll
0x00007ffb4ddb0000 - 0x00007ffb4ded4000 	C:\WINDOWS\System32\RPCRT4.dll
0x00007ffb4dee0000 - 0x00007ffb4e070000 	C:\WINDOWS\System32\USER32.dll
0x00007ffb3dd30000 - 0x00007ffb3df99000 	C:\WINDOWS\WinSxS\amd64_microsoft.windows.common-controls_6595b64144ccf1df_6.0.17134.706_none_fb43a2cb30647007\COMCTL32.dll
0x00007ffb4bb60000 - 0x00007ffb4bb80000 	C:\WINDOWS\System32\win32u.dll
0x00007ffb4e3f0000 - 0x00007ffb4e712000 	C:\WINDOWS\System32\combase.dll
0x00007ffb4bd10000 - 0x00007ffb4bd38000 	C:\WINDOWS\System32\GDI32.dll
0x00007ffb4ab20000 - 0x00007ffb4ab9a000 	C:\WINDOWS\System32\bcryptPrimitives.dll
0x00007ffb4aba0000 - 0x00007ffb4ad32000 	C:\WINDOWS\System32\gdi32full.dll
0x00007ffb4b300000 - 0x00007ffb4b39f000 	C:\WINDOWS\System32\msvcp_win.dll
0x00007ffb3dfb0000 - 0x00007ffb3dfba000 	C:\WINDOWS\SYSTEM32\VERSION.dll
0x00007ffb4bd40000 - 0x00007ffb4bd6d000 	C:\WINDOWS\System32\IMM32.DLL
0x00007ffb10390000 - 0x00007ffb1043a000 	C:\Program Files\Java\jdk-12\bin\msvcp140.dll
0x00007ffaf4a60000 - 0x00007ffaf55d4000 	C:\Program Files\Java\jdk-12\bin\server\jvm.dll
0x00007ffb4c430000 - 0x00007ffb4c438000 	C:\WINDOWS\System32\PSAPI.DLL
0x00007ffb494b0000 - 0x00007ffb494b9000 	C:\WINDOWS\SYSTEM32\WSOCK32.dll
0x00007ffb48660000 - 0x00007ffb48683000 	C:\WINDOWS\SYSTEM32\WINMM.dll
0x00007ffb4c010000 - 0x00007ffb4c07c000 	C:\WINDOWS\System32\WS2_32.dll
0x00007ffb48630000 - 0x00007ffb4865a000 	C:\WINDOWS\SYSTEM32\WINMMBASE.dll
0x00007ffb4afc0000 - 0x00007ffb4b009000 	C:\WINDOWS\System32\cfgmgr32.dll
0x00007ffb4ab00000 - 0x00007ffb4ab11000 	C:\WINDOWS\System32\kernel.appcore.dll
0x00007ffb3fb90000 - 0x00007ffb3fba1000 	C:\Program Files\Java\jdk-12\bin\verify.dll
0x00007ffb492c0000 - 0x00007ffb49489000 	C:\WINDOWS\SYSTEM32\DBGHELP.DLL
0x00007ffb3a860000 - 0x00007ffb3a889000 	C:\WINDOWS\SYSTEM32\dbgcore.DLL
0x00007ffb3fb60000 - 0x00007ffb3fb86000 	C:\Program Files\Java\jdk-12\bin\java.dll
0x00007ffb3cb40000 - 0x00007ffb3cb57000 	C:\Program Files\Java\jdk-12\bin\zip.dll
0x00007ffb46080000 - 0x00007ffb4608a000 	C:\Program Files\Java\jdk-12\bin\jimage.dll
0x00007ffb4c450000 - 0x00007ffb4d890000 	C:\WINDOWS\System32\SHELL32.dll
0x00007ffb4e120000 - 0x00007ffb4e1c9000 	C:\WINDOWS\System32\shcore.dll
0x00007ffb4b3a0000 - 0x00007ffb4baad000 	C:\WINDOWS\System32\windows.storage.dll
0x00007ffb4bfb0000 - 0x00007ffb4c001000 	C:\WINDOWS\System32\shlwapi.dll
0x00007ffb4aa90000 - 0x00007ffb4aaaf000 	C:\WINDOWS\System32\profapi.dll
0x00007ffb4aab0000 - 0x00007ffb4aafc000 	C:\WINDOWS\System32\powrprof.dll
0x00007ffb4aa60000 - 0x00007ffb4aa6a000 	C:\WINDOWS\System32\FLTLIB.DLL
0x00007ffb0c5e0000 - 0x00007ffb0c77f000 	C:\Program Files\Java\jdk-12\bin\awt.dll
0x00007ffb4dce0000 - 0x00007ffb4dda2000 	C:\WINDOWS\System32\OLEAUT32.dll
0x00007ffb476d0000 - 0x00007ffb47c97000 	C:\WINDOWS\SYSTEM32\d2d1.dll
0x00007ffb48870000 - 0x00007ffb488fb000 	C:\WINDOWS\SYSTEM32\apphelp.dll
0x00007ffb48c80000 - 0x00007ffb48ca9000 	C:\WINDOWS\system32\DWMAPI.DLL
0x00007ffb489f0000 - 0x00007ffb48a88000 	C:\WINDOWS\system32\uxtheme.dll
0x00007ffb27780000 - 0x00007ffb278a0000 	C:\WINDOWS\system32\opengl32.dll
0x00007ffb364a0000 - 0x00007ffb364cc000 	C:\WINDOWS\SYSTEM32\GLU32.dll
0x00007ffb4be30000 - 0x00007ffb4bfa3000 	C:\WINDOWS\System32\MSCTF.dll
0x00007ffb4c2d0000 - 0x00007ffb4c421000 	C:\WINDOWS\System32\ole32.dll
0x00007ffb2de60000 - 0x00007ffb2de8d000 	C:\Program Files\Java\jdk-12\bin\javajpeg.dll

dbghelp: loaded successfully - version: 4.0.5 - missing functions: none
symbol engine: initialized successfully - sym options: 0x614 - pdb path: .;C:\Program Files\Java\jdk-12\bin;C:\WINDOWS\SYSTEM32;C:\WINDOWS\WinSxS\amd64_microsoft.windows.common-controls_6595b64144ccf1df_6.0.17134.706_none_fb43a2cb30647007;C:\Program Files\Java\jdk-12\bin\server

VM Arguments:
jvm_args: -Dfile.encoding=Cp1252 
java_command: presentacion.ArkaPOOBGUI
java_class_path (initial): C:\Users\Alejandro\eclipse-workspace\arkaPOOB\bin
Launcher Type: SUN_STANDARD

[Global flags]
     intx CICompilerCount                          = 3                                         {product} {ergonomic}
     uint ConcGCThreads                            = 1                                         {product} {ergonomic}
     uint G1ConcRefinementThreads                  = 4                                         {product} {ergonomic}
   size_t G1HeapRegionSize                         = 1048576                                   {product} {ergonomic}
    uintx GCDrainStackTargetSize                   = 64                                        {product} {ergonomic}
   size_t InitialHeapSize                          = 67108864                                  {product} {ergonomic}
   size_t MarkStackSize                            = 4194304                                   {product} {ergonomic}
   size_t MaxHeapSize                              = 1052770304                                {product} {ergonomic}
   size_t MaxNewSize                               = 631242752                                 {product} {ergonomic}
   size_t MinHeapDeltaBytes                        = 1048576                                   {product} {ergonomic}
    uintx NonNMethodCodeHeapSize                   = 5830732                                {pd product} {ergonomic}
    uintx NonProfiledCodeHeapSize                  = 122913754                              {pd product} {ergonomic}
    uintx ProfiledCodeHeapSize                     = 122913754                              {pd product} {ergonomic}
    uintx ReservedCodeCacheSize                    = 251658240                              {pd product} {ergonomic}
     bool SegmentedCodeCache                       = true                                      {product} {ergonomic}
     bool UseCompressedClassPointers               = true                                 {lp64_product} {ergonomic}
     bool UseCompressedOops                        = true                                 {lp64_product} {ergonomic}
     bool UseG1GC                                  = true                                      {product} {ergonomic}
     bool UseLargePagesIndividualAllocation        = false                                  {pd product} {ergonomic}

Logging:
Log output configuration:
 #0: stdout all=warning uptime,level,tags
 #1: stderr all=off uptime,level,tags

Environment Variables:
PATH=C:/Program Files/Java/jdk-12/bin/server;C:/Program Files/Java/jdk-12/bin;C:\Program Files\Java\jdk-12\bin;C:\oraclexe\app\oracle\product\11.2.0\server\bin;C:\Program Files (x86)\Common Files\Oracle\Java\javapath;C:\ProgramData\Oracle\Java\javapath;C:\Program Files (x86)\Intel\iCLS Client\;C:\Program Files\Intel\iCLS Client\;C:\WINDOWS\system32;C:\WINDOWS;C:\WINDOWS\System32\Wbem;C:\WINDOWS\System32\WindowsPowerShell\v1.0\;C:\Program Files (x86)\Intel\Intel(R) Management Engine Components\DAL;C:\Program Files\Intel\Intel(R) Management Engine Components\DAL;C:\Program Files (x86)\Intel\Intel(R) Management Engine Components\IPT;C:\Program Files\Intel\Intel(R) Management Engine Components\IPT;C:\Program Files (x86)\Windows Live\Shared;C:\WINDOWS\System32\OpenSSH\;C:\Users\Alejandro\AppData\Local\Programs\Python\Python36-32\Scripts\;C:\Users\Alejandro\AppData\Local\Programs\Python\Python36-32\;C:\Users\Alejandro\Anaconda3;C:\Users\Alejandro\Anaconda3\Library\mingw-w64\bin;C:\Users\Alejandro\Anaconda3\Library\usr\bin;C:\Users\Alejandro\Anaconda3\Library\bin;C:\Program Files (x86)\SSH Communications Security\SSH Secure Shell;C:\Users\Alejandro\Anaconda3\Scripts;C:\Users\Alejandro\AppData\Local\Microsoft\WindowsApps;;C:\Users\Alejandro\Desktop;
USERNAME=Alejandro
OS=Windows_NT
PROCESSOR_IDENTIFIER=Intel64 Family 6 Model 61 Stepping 4, GenuineIntel



---------------  S Y S T E M  ---------------

OS: Windows 10 , 64 bit Build 17134 (10.0.17134.706)

CPU:total 4 (initial active 4) (2 cores per cpu, 2 threads per core) family 6 model 61 stepping 4, cmov, cx8, fxsr, mmx, sse, sse2, sse3, ssse3, sse4.1, sse4.2, popcnt, avx, avx2, aes, clmul, erms, 3dnowpref, lzcnt, ht, tsc, tscinvbit, bmi1, bmi2, adx, fma

Memory: 4k page, system-wide physical 4011M (427M free)
TotalPageFile size 16299M (AvailPageFile size 13M)
current process WorkingSet (physical memory assigned to process): 188M, peak: 188M
current process commit charge ("private bytes"): 218M, peak: 242M

vm_info: Java HotSpot(TM) 64-Bit Server VM (12+33) for windows-amd64 JRE (12+33), built on Feb 21 2019 02:31:50 by "mach5one" with MS VC++ 15.5 (VS2017)

END.
